c:\users\arauj\documents\fanshawe\myprojects\gefp_project1\firstopengl\debug\vc141.pdb
c:\users\arauj\documents\fanshawe\myprojects\gefp_project1\firstopengl\debug\vc141.idb
c:\users\arauj\documents\fanshawe\myprojects\gefp_project1\firstopengl\debug\ccell.obj
c:\users\arauj\documents\fanshawe\myprojects\gefp_project1\firstopengl\debug\cfactory.obj
c:\users\arauj\documents\fanshawe\myprojects\gefp_project1\firstopengl\debug\cgameobject.obj
c:\users\arauj\documents\fanshawe\myprojects\gefp_project1\firstopengl\debug\clightmanager.obj
c:\users\arauj\documents\fanshawe\myprojects\gefp_project1\firstopengl\debug\cmesh.obj
c:\users\arauj\documents\fanshawe\myprojects\gefp_project1\firstopengl\debug\cshader.obj
c:\users\arauj\documents\fanshawe\myprojects\gefp_project1\firstopengl\debug\cshadermanager.obj
c:\users\arauj\documents\fanshawe\myprojects\gefp_project1\firstopengl\debug\cship.obj
c:\users\arauj\documents\fanshawe\myprojects\gefp_project1\firstopengl\debug\ctriangle.obj
c:\users\arauj\documents\fanshawe\myprojects\gefp_project1\firstopengl\debug\cvertex_xyz_rgb.obj
c:\users\arauj\documents\fanshawe\myprojects\gefp_project1\firstopengl\debug\cvaomeshmanager.obj
c:\users\arauj\documents\fanshawe\myprojects\gefp_project1\firstopengl\debug\physics.obj
c:\users\arauj\documents\fanshawe\myprojects\gefp_project1\firstopengl\debug\themain.obj
c:\users\arauj\documents\fanshawe\myprojects\gefp_project1\firstopengl\debug\utilities.obj
c:\users\arauj\documents\fanshawe\myprojects\gefp_project1\firstopengl\debug\modelutilities.obj
c:\users\arauj\documents\fanshawe\myprojects\gefp_project1\firstopengl\debug\glad.obj
c:\users\arauj\documents\fanshawe\myprojects\gefp_project1\debug\firstopengl.exe
c:\users\arauj\documents\fanshawe\myprojects\gefp_project1\debug\firstopengl.ilk
c:\users\arauj\documents\fanshawe\myprojects\gefp_project1\debug\firstopengl.pdb
c:\users\arauj\documents\fanshawe\myprojects\gefp_project1\firstopengl\debug\firstopengl.tlog\cl.command.1.tlog
c:\users\arauj\documents\fanshawe\myprojects\gefp_project1\firstopengl\debug\firstopengl.tlog\cl.read.1.tlog
c:\users\arauj\documents\fanshawe\myprojects\gefp_project1\firstopengl\debug\firstopengl.tlog\cl.write.1.tlog
c:\users\arauj\documents\fanshawe\myprojects\gefp_project1\firstopengl\debug\firstopengl.tlog\link.command.1.tlog
c:\users\arauj\documents\fanshawe\myprojects\gefp_project1\firstopengl\debug\firstopengl.tlog\link.read.1.tlog
c:\users\arauj\documents\fanshawe\myprojects\gefp_project1\firstopengl\debug\firstopengl.tlog\link.write.1.tlog
